<?xml version="1.0" encoding="UTF-8"?>
<!-- Generated by org.testng.reporters.JUnitReportReporter -->
<testsuite hostname="DESKTOP-9EP8MOL" failures="0" tests="1" name="TestCases.TC_OPENCART_004" time="32.096" errors="0" timestamp="2021-05-14T18:39:00 IST" skipped="0">
  <testcase classname="TestCases.TC_OPENCART_004" name="loginTst" time="32.096"/>
  <system-out/>
</testsuite> <!-- TestCases.TC_OPENCART_004 -->
