<?xml version="1.0" encoding="UTF-8"?>
<!-- Generated by org.testng.reporters.JUnitReportReporter -->
<testsuite hostname="DESKTOP-9EP8MOL" failures="0" tests="1" name="TestCases.TC_OPENCART_001" time="55.038" errors="0" timestamp="2021-05-14T18:33:06 IST" skipped="0">
  <testcase classname="TestCases.TC_OPENCART_001" name="RegisterationTest" time="55.038"/>
  <system-out/>
</testsuite> <!-- TestCases.TC_OPENCART_001 -->
