<?xml version="1.0" encoding="UTF-8"?>
<!-- Generated by org.testng.reporters.JUnitReportReporter -->
<testsuite hostname="DESKTOP-9EP8MOL" failures="0" tests="1" name="TestCases.TC_OPENCART_003" time="32.048" errors="0" timestamp="2021-05-14T18:40:24 IST" skipped="0">
  <testcase classname="TestCases.TC_OPENCART_003" name="loginTest" time="32.048"/>
  <system-out/>
</testsuite> <!-- TestCases.TC_OPENCART_003 -->
